
          -------------------------------------------------------
          Amber 16 PMEMD                              2016
          -------------------------------------------------------

| PMEMD implementation of SANDER, Release 16

| Run on 02/15/2021 at 16:42:24

|   Executable path: /home/jackh/Software/amber_dev_gpu/bin/pmemd.cuda
| Working directory: /home/jackh/his_params/version1
|          Hostname: Unknown
  [-O]verwriting output

File Assignments:
|   MDIN: mini.mdin                                                             
|  MDOUT: mini.out                                                              
| INPCRD: his.rst7                                                              
|   PARM: his.parm7                                                             
| RESTRT: mini.rst7                                                             
|   REFC: refc                                                                  
|  MDVEL: mdvel                                                                 
|   MDEN: mden                                                                  
|  MDCRD: mdcrd                                                                 
| MDINFO: mdinfo                                                                
|  MDFRC: mdfrc                                                                 


 Here is the input file:

Solvated minimization                                                          
&cntrl                                         ! cntrl is a name list, it store
  imin = 1, maxcyc = 5000, ncyc = 1000 ! Do minimization, max number of steps (
  ntx = 1,                                     ! Initial coordinates           
  ntwe = 0, ntwr = 500, ntpr = 500,        ! Print frq for energy and temp to m
  ntc = 1, ntf = 1,                            ! Shake (1 = No Shake), Force Ev
  cut = 999.0,                               ! Nonbond cutoff (Ang.)           
  igb = 8,                                     ! Use GBNeck2                   
  ioutfm = 1, ntxo = 2,                        ! Fomrat of coor. and vel. trj f
/                                                                              


Note: ig = -1. Setting random seed to   493634 based on wallclock time in 
      microseconds.
| irandom = 1, using AMBER's internal random number generator (default).
 
|--------------------- INFORMATION ----------------------
| GPU (CUDA) Version of PMEMD in use: NVIDIA GPU IN USE.
|                    Version 16.0.0
| 
|                      02/25/2016
| 
| Implementation by:
|                    Ross C. Walker     (SDSC)
|                    Scott Le Grand     (nVIDIA)
| 
| Precision model in use:
|      [SPFP] - Single Precision Forces, 64-bit Fixed Point
|               Accumulation. (Default)
| 
|--------------------------------------------------------
 
|----------------- CITATION INFORMATION -----------------
|
|    When publishing work that utilized the CUDA version
|    of AMBER, please cite the following in addition to
|    the regular AMBER citations:
|
|  - Andreas W. Goetz; Mark J. Williamson; Dong Xu;
|    Duncan Poole; Scott Le Grand; Ross C. Walker
|    "Routine microsecond molecular dynamics simulations
|    with AMBER - Part I: Generalized Born", J. Chem.
|    Theory Comput., 2012, 8 (5), pp1542-1555.
|
|  - Scott Le Grand; Andreas W. Goetz; Ross C. Walker
|    "SPFP: Speed without compromise - a mixed precision
|    model for GPU accelerated molecular dynamics
|    simulations.", Comp. Phys. Comm., 2013, 184
|    pp374-380, DOI: 10.1016/j.cpc.2012.09.022
|
|--------------------------------------------------------
 
|------------------- GPU DEVICE INFO --------------------
|
|            CUDA_VISIBLE_DEVICES: 0
|   CUDA Capable Devices Detected:      1
|           CUDA Device ID in use:      0
|                CUDA Device Name: GeForce RTX 2080 Ti
|     CUDA Device Global Mem Size:  11019 MB
| CUDA Device Num Multiprocessors:     68
|           CUDA Device Core Freq:   1.62 GHz
|
|--------------------------------------------------------
 
| Conditional Compilation Defines Used:
| PUBFFT
| BINTRAJ
| CUDA
| EMIL

| New format PARM file being parsed.
| Version =    1.000 Date = 02/15/21 Time = 16:42:24

| Note: 1-4 EEL scale factors are being read from the topology file.

| Note: 1-4 VDW scale factors are being read from the topology file.
| INFO:    Reading atomic numbers from topology file.
| Duplicated    0 dihedrals

| Duplicated    0 dihedrals

--------------------------------------------------------------------------------
   1.  RESOURCE   USE: 
--------------------------------------------------------------------------------

 NATOM  =      27 NTYPES =       9 NBONH =      13 MBONA  =      14
 NTHETH =      27 MTHETA =      18 NPHIH =      59 MPHIA  =      43
 NHPARM =       0 NPARM  =       0 NNB   =     130 NRES   =       3
 NBONA  =      14 NTHETA =      18 NPHIA =      43 NUMBND =      17
 NUMANG =      33 NPTRA  =      36 NATYP =      14 NPHB   =       0
 IFBOX  =       0 NMXRS  =      18 IFCAP =       0 NEXTRA =       0
 NCOPY  =       0

 Implicit solvent radii are ArgH and AspGluO modified Bondi2 radii (mbondi3)                                
 Replacing prmtop screening parameters with GBn2 (igb=8) values
--------------------------------------------------------------------------------
   2.  CONTROL  DATA  FOR  THE  RUN
--------------------------------------------------------------------------------

ACE                                                                             

General flags:
     imin    =       1, nmropt  =       0

Nature and format of input:
     ntx     =       1, irest   =       0, ntrx    =       1

Nature and format of output:
     ntxo    =       2, ntpr    =     500, ntrx    =       1, ntwr    =     500
     iwrap   =       0, ntwx    =       0, ntwv    =       0, ntwe    =       0
     ioutfm  =       1, ntwprt  =       0, idecomp =       0, rbornstat=      0

Potential function:
     ntf     =       1, ntb     =       0, igb     =       8, nsnb    =      25
     ipol    =       0, gbsa    =       0, iesp    =       0
     dielc   =   1.00000, cut     = 999.00000, intdiel =   1.00000
     saltcon =   0.00000, offset  =   0.19514, surften =   0.00500
     rdt     =   0.00000, rgbmax  =  25.00000  extdiel =  78.50000
     alpb  =        0
     gbalphaH  =   0.78844, gbbetaH   =   0.79870,  gbgammaH  =    0.43733
     gbalphaC  =   0.73376, gbbetaC   =   0.50638,  gbgammaC  =    0.20584
     gbalphaN  =   0.50336, gbbetaN   =   0.31683,  gbgammaN  =    0.19292
     gbalphaOS =   0.86781, gbbetaOS  =   0.87664,  gbgammaOS =    0.38788
     gbalphaP  =   1.00000, gbbetaP   =   0.80000,  gbgammaP  =    4.85000
     gb_alpha_hnu  =   0.53705, gb_beta_hnu   =   0.36286,  gb_gamma_hnu  =    0.11670
     gb_alpha_cnu  =   0.33167, gb_beta_cnu   =   0.19684,  gb_gamma_cnu  =    0.09342
     gb_alpha_nnu  =   0.68631, gb_beta_nnu   =   0.46319,  gb_gamma_nnu  =    0.13872
     gb_alpha_onu  =   0.60634, gb_beta_onu   =   0.46301,  gb_gamma_onu  =    0.14226
     gb_alpha_pnu  =   0.41836, gb_beta_pnu   =   0.29005,  gb_gamma_pnu  =    0.10642

Frozen or restrained atoms:
     ibelly  =       0, ntr     =       0

Energy minimization:
     maxcyc  =    5000, ncyc    =    1000, ntmin   =       1
     dx0     =   0.01000, drms    =   0.00010

| Intermolecular bonds treatment:
|     no_intermolecular_bonds =       1

| Energy averages sample interval:
|     ene_avg_sampling =       1

--------------------------------------------------------------------------------
   3.  ATOMIC COORDINATES AND VELOCITIES
--------------------------------------------------------------------------------

ACE                                                                             
 begin time read from input coords =     0.000 ps

 
 Number of triangulated 3-point waters found:        0
| Dynamic Memory, Types Used:
| Reals                1225
| Integers             2645

| GPU memory information (estimate):
| KB of GPU memory in use:         0
| KB of CPU memory in use:         0

--------------------------------------------------------------------------------
   4.  RESULTS
--------------------------------------------------------------------------------



   NSTEP       ENERGY          RMS            GMAX         NAME    NUMBER
      1       7.5171E+02     1.2824E+03     7.1344E+03     HN1        26

 BOND    =        1.1403  ANGLE   =       25.6123  DIHED      =       15.1827
 VDWAALS =      791.6043  EEL     =      -28.4220  EGB        =      -84.9219
 1-4 VDW =        4.3104  1-4 EEL =       27.2056  RESTRAINT  =        0.0000


   NSTEP       ENERGY          RMS            GMAX         NAME    NUMBER
    500      -5.5641E+01     6.3748E-01     3.0503E+00     C           5

 BOND    =        0.8150  ANGLE   =       23.5526  DIHED      =       15.1480
 VDWAALS =       -2.1207  EEL     =      -34.1663  EGB        =      -85.4463
 1-4 VDW =        2.3456  1-4 EEL =       24.2308  RESTRAINT  =        0.0000


   NSTEP       ENERGY          RMS            GMAX         NAME    NUMBER
   1000      -5.6722E+01     1.7447E-01     4.9413E-01     N           7

 BOND    =        0.7312  ANGLE   =       22.7497  DIHED      =       15.4217
 VDWAALS =       -2.4055  EEL     =      -34.4456  EGB        =      -84.9577
 1-4 VDW =        2.2228  1-4 EEL =       23.9616  RESTRAINT  =        0.0000


   NSTEP       ENERGY          RMS            GMAX         NAME    NUMBER
   1500      -5.7632E+01     3.5427E-02     1.3901E-01     CH3         2

 BOND    =        0.5960  ANGLE   =       22.1800  DIHED      =       16.4091
 VDWAALS =       -2.8943  EEL     =      -35.3231  EGB        =      -84.1128
 1-4 VDW =        2.0043  1-4 EEL =       23.5089  RESTRAINT  =        0.0000

     .... RESTARTED DUE TO LINMIN FAILURE ...

     .... RESTARTED DUE TO LINMIN FAILURE ...


   NSTEP       ENERGY          RMS            GMAX         NAME    NUMBER
   2000      -5.7871E+01     2.0059E-01     5.8936E-01     CH3         2

 BOND    =        0.5918  ANGLE   =       22.2064  DIHED      =       16.2895
 VDWAALS =       -2.9994  EEL     =      -35.6153  EGB        =      -83.5596
 1-4 VDW =        1.9201  1-4 EEL =       23.2951  RESTRAINT  =        0.0000

     .... RESTARTED DUE TO LINMIN FAILURE ...

     .... RESTARTED DUE TO LINMIN FAILURE ...

     .... RESTARTED DUE TO LINMIN FAILURE ...


                    FINAL RESULTS



   NSTEP       ENERGY          RMS            GMAX         NAME    NUMBER
   2270      -5.7922E+01     9.0474E-03     2.5212E-02     C           5

 BOND    =        0.5796  ANGLE   =       22.1968  DIHED      =       16.1467
 VDWAALS =       -2.9886  EEL     =      -35.8527  EGB        =      -83.2712
 1-4 VDW =        1.9080  1-4 EEL =       23.3590  RESTRAINT  =        0.0000

     ***** REPEATED LINMIN FAILURE *****
--------------------------------------------------------------------------------
   5.  TIMINGS
--------------------------------------------------------------------------------

|  NonSetup CPU Time in Major Routines:
|
|     Routine           Sec        %
|     ------------------------------
|     Nonbond           0.29   91.87
|     Bond              0.00    0.00
|     Angle             0.00    0.00
|     Dihedral          0.00    0.00
|     Shake             0.00    0.00
|     Other             0.03    8.13
|     ------------------------------
|     Total             0.31

|  Generalized Born CPU Time:
|
|     Routine                 Sec        %
|     ------------------------------------
|     Radii Calc              0.00    0.00
|     Diagonal Calc           0.00    0.00
|     Off Diagonal Calc       0.00    0.00
|     GBSA LCPO Calc          0.00    0.00
|     ---------------------------------
|     Total                   0.00    0.00

|  Setup CPU time:            0.15 seconds
|  NonSetup CPU time:         0.31 seconds
|  Total CPU time:            0.46 seconds     0.00 hours

|  Setup wall time:           1    seconds
|  NonSetup wall time:        0    seconds
|  Total wall time:           1    seconds     0.00 hours
