
          -------------------------------------------------------
          Amber 16 PMEMD                              2016
          -------------------------------------------------------

| PMEMD implementation of SANDER, Release 16

| Run on 09/20/2018 at 09:27:00

|   Executable path: /state/partition1/home/jana/software/amber_dev_hybrid/bin/pmemd.MPI
| Working directory: /state/partition1/home/jackh/simulations/hybrid_amber_cphmd/reparametrizing_asp/1ns_ti_redo
|          Hostname: Unknown
  [-O]verwriting output

File Assignments:
|   MDIN: mini.mdin                                                             
|  MDOUT: mini.out                                                              
| INPCRD: asp.rst7                                                              
|   PARM: asp.parm7                                                             
| RESTRT: mini.rst7                                                             
|   REFC: asp.rst7                                                              
|  MDVEL: mdvel                                                                 
|   MDEN: mden                                                                  
|  MDCRD: mdcrd                                                                 
| MDINFO: mdinfo                                                                
|LOGFILE: logfile                                                               
|  MDFRC: mdfrc                                                                 


 Here is the input file:

Solvated minimization                                                          
&cntrl                                         ! cntrl is a name list, it store
  imin = 1, maxcyc = 5000, ncyc = 1000 ! Do minimization, max number of steps (
  ntx = 1,                                     ! Initial coordinates           
  ntwe = 0, ntwr = 50, ntpr = 50,        ! Print frq for energy and temp to mde
  ntc = 1, ntf = 1, ntb = 1, ntp = 0,          ! Shake (1 = No Shake), Force Ev
  cut = 8.0,                               ! Nonbond cutoff (Ang.)             
  ntr = 1, restraintmask = ':1-3&!@H=',    ! restraint atoms (1 = yes), Which a
  restraint_wt = 100.0,                        ! Harmonic force to be applied a
  ioutfm = 1, ntxo = 2,                        ! Fomrat of coor. and vel. trj f
/                                                                              


Note: ig = -1. Setting random seed to   878397 based on wallclock time in
      microseconds and disabling the synchronization of random numbers 
      between tasks to improve performance.
| irandom = 1, using AMBER's internal random number generator (default).
 
 
| Conditional Compilation Defines Used:
| MPI
| PUBFFT
| BINTRAJ
| EMIL

| Largest sphere to fit in unit cell has radius =    14.823

| New format PARM file being parsed.
| Version =    1.000 Date = 09/20/18 Time = 09:26:59

| Note: 1-4 EEL scale factors are being read from the topology file.

| Note: 1-4 VDW scale factors are being read from the topology file.
| Duplicated    0 dihedrals

| Duplicated    0 dihedrals

--------------------------------------------------------------------------------
   1.  RESOURCE   USE: 
--------------------------------------------------------------------------------

 getting new box info from bottom of inpcrd
 NATOM  =    3065 NTYPES =      10 NBONH =    3053 MBONA  =      11
 NTHETH =      21 MTHETA =      14 NPHIH =      54 MPHIA  =      39
 NHPARM =       0 NPARM  =       0 NNB   =    4161 NRES   =    1017
 NBONA  =      11 NTHETA =      14 NPHIA =      39 NUMBND =      15
 NUMANG =      24 NPTRA  =      37 NATYP =      14 NPHB   =       1
 IFBOX  =       2 NMXRS  =      14 IFCAP =       0 NEXTRA =       0
 NCOPY  =       0

| Coordinate Index Table dimensions:     6    6    6
| Direct force subcell size =     6.0515    6.0515    6.0515

     BOX TYPE: TRUNCATED OCTAHEDRON

--------------------------------------------------------------------------------
   2.  CONTROL  DATA  FOR  THE  RUN
--------------------------------------------------------------------------------

ACE                                                                             

General flags:
     imin    =       1, nmropt  =       0

Nature and format of input:
     ntx     =       1, irest   =       0, ntrx    =       1

Nature and format of output:
     ntxo    =       2, ntpr    =      50, ntrx    =       1, ntwr    =      50
     iwrap   =       0, ntwx    =       0, ntwv    =       0, ntwe    =       0
     ioutfm  =       1, ntwprt  =       0, idecomp =       0, rbornstat=      0

Potential function:
     ntf     =       1, ntb     =       1, igb     =       0, nsnb    =      25
     ipol    =       0, gbsa    =       0, iesp    =       0
     dielc   =   1.00000, cut     =   8.00000, intdiel =   1.00000

Frozen or restrained atoms:
     ibelly  =       0, ntr     =       1
     restraint_wt = 100.00000

Energy minimization:
     maxcyc  =    5000, ncyc    =    1000, ntmin   =       1
     dx0     =   0.01000, drms    =   0.00010

| Intermolecular bonds treatment:
|     no_intermolecular_bonds =       1

| Energy averages sample interval:
|     ene_avg_sampling =       1

Ewald parameters:
     verbose =       0, ew_type =       0, nbflag  =       1, use_pme =       1
     vdwmeth =       1, eedmeth =       1, netfrc  =       0
     Box X =   36.309   Box Y =   36.309   Box Z =   36.309
     Alpha =  109.471   Beta  =  109.471   Gamma =  109.471
     NFFT1 =   40       NFFT2 =   40       NFFT3 =   40
     Cutoff=    8.000   Tol   =0.100E-04
     Ewald Coefficient =  0.34864
     Interpolation order =    4

| PMEMD ewald parallel performance parameters:
|     block_fft =    0
|     fft_blk_y_divisor =    2
|     excl_recip =    0
|     excl_master =    0
|     atm_redist_freq =  320

    LOADING THE CONSTRAINED ATOMS AS GROUPS


   5.  REFERENCE ATOM COORDINATES

  ACE                                                                             
     Mask :1-3&!@H=; matches    12 atoms

--------------------------------------------------------------------------------
   3.  ATOMIC COORDINATES AND VELOCITIES
--------------------------------------------------------------------------------

ACE                                                                             
 begin time read from input coords =     0.000 ps

 
 Number of triangulated 3-point waters found:     1014

     Sum of charges from parm topology file =   0.00000000
     Forcing neutrality...

| Dynamic Memory, Types Used:
| Reals              255053
| Integers           199056

| Nonbonded Pairs Initial Allocation:      349410

| Running AMBER/MPI version on    2 MPI task

 
--------------------------------------------------------------------------------
   4.  RESULTS
--------------------------------------------------------------------------------

 ---------------------------------------------------
 APPROXIMATING switch and d/dx switch using CUBIC SPLINE INTERPOLATION
 using   5000.0 points per unit in tabled values
 TESTING RELATIVE ERROR over r ranging from 0.0 to cutoff
| CHECK switch(x): max rel err =   0.2738E-14   at   2.422500
| CHECK d/dx switch(x): max rel err =   0.8332E-11   at   2.782960
 ---------------------------------------------------
|---------------------------------------------------
| APPROXIMATING direct energy using CUBIC SPLINE INTERPOLATION
|  with   50.0 points per unit in tabled values
| Relative Error Limit not exceeded for r .gt.   2.47
| APPROXIMATING direct force using CUBIC SPLINE INTERPOLATION
|  with   50.0 points per unit in tabled values
| Relative Error Limit not exceeded for r .gt.   2.89
|---------------------------------------------------


   NSTEP       ENERGY          RMS            GMAX         NAME    NUMBER
      1      -6.7258E+03     1.7078E+02     7.8073E+03     O        2379

 BOND    =        1.1106  ANGLE   =        1.3606  DIHED      =       48.8188
 VDWAALS =     2739.7263  EEL     =    -9498.7429  HBOND      =        0.0000
 1-4 VDW =        4.9630  1-4 EEL =      -23.0695  RESTRAINT  =        0.0000


   NSTEP       ENERGY          RMS            GMAX         NAME    NUMBER
     50      -1.0169E+04     3.0884E+00     6.3943E+01     C          18

 BOND    =      524.1980  ANGLE   =        1.8942  DIHED      =       49.2302
 VDWAALS =      966.8882  EEL     =   -11692.7520  HBOND      =        0.0000
 1-4 VDW =        3.7058  1-4 EEL =      -28.2551  RESTRAINT  =        5.9273
 EAMBER  =   -10175.0906


   NSTEP       ENERGY          RMS            GMAX         NAME    NUMBER
    100      -1.0560E+04     1.0123E+00     6.2931E+00     H1       2380

 BOND    =      617.9086  ANGLE   =        2.5263  DIHED      =       49.2025
 VDWAALS =     1050.4593  EEL     =   -12262.4574  HBOND      =        0.0000
 1-4 VDW =        3.6549  1-4 EEL =      -28.1492  RESTRAINT  =        6.6117
 EAMBER  =   -10566.8549


   NSTEP       ENERGY          RMS            GMAX         NAME    NUMBER
    150      -1.0771E+04     2.7080E+00     8.0651E+01     CG         14

 BOND    =      697.8898  ANGLE   =        3.4046  DIHED      =       49.1703
 VDWAALS =     1138.5123  EEL     =   -12642.1359  HBOND      =        0.0000
 1-4 VDW =        3.6187  1-4 EEL =      -28.2436  RESTRAINT  =        6.9578
 EAMBER  =   -10777.7839


   NSTEP       ENERGY          RMS            GMAX         NAME    NUMBER
    200      -1.0933E+04     1.0568E+00     2.9327E+01     CG         14

 BOND    =      643.7958  ANGLE   =        2.1659  DIHED      =       49.1201
 VDWAALS =     1219.4210  EEL     =   -12829.6231  HBOND      =        0.0000
 1-4 VDW =        3.6932  1-4 EEL =      -28.0776  RESTRAINT  =        6.5791
 EAMBER  =   -10939.5046


   NSTEP       ENERGY          RMS            GMAX         NAME    NUMBER
    250      -1.1045E+04     2.4440E+00     9.7024E+01     CG         14

 BOND    =      642.8642  ANGLE   =        2.0147  DIHED      =       49.0925
 VDWAALS =     1290.9673  EEL     =   -13012.5183  HBOND      =        0.0000
 1-4 VDW =        3.7246  1-4 EEL =      -27.9257  RESTRAINT  =        6.6301
 EAMBER  =   -11051.7807


   NSTEP       ENERGY          RMS            GMAX         NAME    NUMBER
    300      -1.1151E+04     8.3618E-01     2.5461E+01     CG         14

 BOND    =      708.8643  ANGLE   =        2.5558  DIHED      =       49.0865
 VDWAALS =     1355.2653  EEL     =   -13248.9154  HBOND      =        0.0000
 1-4 VDW =        3.6533  1-4 EEL =      -28.1027  RESTRAINT  =        6.7181
 EAMBER  =   -11157.5929


   NSTEP       ENERGY          RMS            GMAX         NAME    NUMBER
    350      -1.1232E+04     1.9481E+00     4.8030E+01     CG         14

 BOND    =      755.1910  ANGLE   =        2.9918  DIHED      =       49.0687
 VDWAALS =     1414.9004  EEL     =   -13436.6232  HBOND      =        0.0000
 1-4 VDW =        3.6293  1-4 EEL =      -28.0421  RESTRAINT  =        6.8906
 EAMBER  =   -11238.8841


   NSTEP       ENERGY          RMS            GMAX         NAME    NUMBER
    400      -1.1311E+04     1.1565E+00     2.8284E+01     CG         14

 BOND    =      704.8265  ANGLE   =        2.1060  DIHED      =       49.0592
 VDWAALS =     1470.7367  EEL     =   -13520.3785  HBOND      =        0.0000
 1-4 VDW =        3.6945  1-4 EEL =      -28.1047  RESTRAINT  =        6.5804
 EAMBER  =   -11318.0603


   NSTEP       ENERGY          RMS            GMAX         NAME    NUMBER
    450      -1.1374E+04     1.7425E+00     8.0630E+01     CG         14

 BOND    =      711.2751  ANGLE   =        2.4560  DIHED      =       49.0586
 VDWAALS =     1518.7706  EEL     =   -13637.5115  HBOND      =        0.0000
 1-4 VDW =        3.6875  1-4 EEL =      -28.2924  RESTRAINT  =        6.6678
 EAMBER  =   -11380.5561


   NSTEP       ENERGY          RMS            GMAX         NAME    NUMBER
    500      -1.1438E+04     6.9345E-01     2.0699E+01     CG         14

 BOND    =      758.2048  ANGLE   =        2.3777  DIHED      =       49.0250
 VDWAALS =     1563.9409  EEL     =   -13793.4864  HBOND      =        0.0000
 1-4 VDW =        3.6561  1-4 EEL =      -28.0169  RESTRAINT  =        6.7015
 EAMBER  =   -11444.2987


   NSTEP       ENERGY          RMS            GMAX         NAME    NUMBER
    550      -1.1492E+04     4.4846E-01     6.2059E+00     OD1        15

 BOND    =      754.3513  ANGLE   =        2.1661  DIHED      =       49.0149
 VDWAALS =     1604.7688  EEL     =   -13884.4636  HBOND      =        0.0000
 1-4 VDW =        3.6723  1-4 EEL =      -28.0670  RESTRAINT  =        6.6205
 EAMBER  =   -11498.5573


   NSTEP       ENERGY          RMS            GMAX         NAME    NUMBER
    600      -1.1542E+04     6.2366E-01     1.5602E+01     OD1        15

 BOND    =      759.5291  ANGLE   =        2.0932  DIHED      =       49.0015
 VDWAALS =     1643.7985  EEL     =   -13978.9904  HBOND      =        0.0000
 1-4 VDW =        3.6802  1-4 EEL =      -28.0637  RESTRAINT  =        6.5972
 EAMBER  =   -11548.9515


   NSTEP       ENERGY          RMS            GMAX         NAME    NUMBER
    650      -1.1588E+04     1.1613E+00     4.1246E+01     CG         14

 BOND    =      759.0723  ANGLE   =        1.9495  DIHED      =       48.9869
 VDWAALS =     1680.1994  EEL     =   -14060.0333  HBOND      =        0.0000
 1-4 VDW =        3.7005  1-4 EEL =      -28.0051  RESTRAINT  =        6.5707
 EAMBER  =   -11594.1298


   NSTEP       ENERGY          RMS            GMAX         NAME    NUMBER
    700      -1.1632E+04     6.5270E-01     1.7966E+01     OD1        15

 BOND    =      794.8383  ANGLE   =        2.2552  DIHED      =       48.9688
 VDWAALS =     1714.8162  EEL     =   -14175.6023  HBOND      =        0.0000
 1-4 VDW =        3.6562  1-4 EEL =      -27.9081  RESTRAINT  =        6.6832
 EAMBER  =   -11638.9757


   NSTEP       ENERGY          RMS            GMAX         NAME    NUMBER
    750      -1.1671E+04     1.0395E+00     3.9953E+01     CG         14

 BOND    =      810.4707  ANGLE   =        2.3143  DIHED      =       48.9553
 VDWAALS =     1747.9367  EEL     =   -14263.4101  HBOND      =        0.0000
 1-4 VDW =        3.6508  1-4 EEL =      -27.7873  RESTRAINT  =        6.7294
 EAMBER  =   -11677.8697


   NSTEP       ENERGY          RMS            GMAX         NAME    NUMBER
    800      -1.1708E+04     3.5720E-01     6.3574E+00     CG         14

 BOND    =      797.8890  ANGLE   =        1.9376  DIHED      =       48.9537
 VDWAALS =     1778.8725  EEL     =   -14318.3265  HBOND      =        0.0000
 1-4 VDW =        3.6758  1-4 EEL =      -27.8404  RESTRAINT  =        6.5794
 EAMBER  =   -11714.8384


   NSTEP       ENERGY          RMS            GMAX         NAME    NUMBER
    850      -1.1741E+04     8.7856E-01     2.9819E+01     CG         14

 BOND    =      794.4305  ANGLE   =        1.7464  DIHED      =       48.9466
 VDWAALS =     1808.9588  EEL     =   -14377.7653  HBOND      =        0.0000
 1-4 VDW =        3.6994  1-4 EEL =      -27.7714  RESTRAINT  =        6.5322
 EAMBER  =   -11747.7550


   NSTEP       ENERGY          RMS            GMAX         NAME    NUMBER
    900      -1.1772E+04     3.7211E-01     8.3528E+00     CG         14

 BOND    =      817.0002  ANGLE   =        1.9314  DIHED      =       48.9349
 VDWAALS =     1835.8289  EEL     =   -14458.7131  HBOND      =        0.0000
 1-4 VDW =        3.6684  1-4 EEL =      -27.6951  RESTRAINT  =        6.5986
 EAMBER  =   -11779.0443


   NSTEP       ENERGY          RMS            GMAX         NAME    NUMBER
    950      -1.1800E+04     7.6490E-01     2.2598E+01     OD1        15

 BOND    =      831.0639  ANGLE   =        2.0775  DIHED      =       48.9225
 VDWAALS =     1860.7845  EEL     =   -14525.4250  HBOND      =        0.0000
 1-4 VDW =        3.6570  1-4 EEL =      -27.6249  RESTRAINT  =        6.6609
 EAMBER  =   -11806.5444


   NSTEP       ENERGY          RMS            GMAX         NAME    NUMBER
   1000      -1.1826E+04     1.1272E+00     4.0909E+01     OD1        15

 BOND    =      842.5067  ANGLE   =        2.2140  DIHED      =       48.9089
 VDWAALS =     1884.3936  EEL     =   -14586.3656  HBOND      =        0.0000
 1-4 VDW =        3.6498  1-4 EEL =      -27.5517  RESTRAINT  =        6.7262
 EAMBER  =   -11832.2442


   NSTEP       ENERGY          RMS            GMAX         NAME    NUMBER
   1050      -1.2053E+04     9.3593E-01     2.3167E+01     CG         14

 BOND    =      886.1700  ANGLE   =        1.6972  DIHED      =       49.1298
 VDWAALS =     2126.8107  EEL     =   -15100.4131  HBOND      =        0.0000
 1-4 VDW =        3.6568  1-4 EEL =      -27.7108  RESTRAINT  =        7.4447
 EAMBER  =   -12060.6593


   NSTEP       ENERGY          RMS            GMAX         NAME    NUMBER
   1100      -1.2117E+04     6.4275E-01     2.2415E+01     CG         14

 BOND    =      887.3176  ANGLE   =        1.7094  DIHED      =       48.9007
 VDWAALS =     2142.1445  EEL     =   -15179.6824  HBOND      =        0.0000
 1-4 VDW =        3.6713  1-4 EEL =      -27.4169  RESTRAINT  =        6.7367
 EAMBER  =   -12123.3557


   NSTEP       ENERGY          RMS            GMAX         NAME    NUMBER
   1150      -1.2170E+04     7.1801E-01     2.3209E+01     CG         14

 BOND    =      896.2099  ANGLE   =        1.6581  DIHED      =       48.8360
 VDWAALS =     2172.8557  EEL     =   -15273.3284  HBOND      =        0.0000
 1-4 VDW =        3.7080  1-4 EEL =      -27.1094  RESTRAINT  =        6.8101
 EAMBER  =   -12177.1701


   NSTEP       ENERGY          RMS            GMAX         NAME    NUMBER
   1200      -1.2219E+04     7.0166E-01     1.9577E+01     CG         14

 BOND    =      899.2519  ANGLE   =        2.1327  DIHED      =       49.1616
 VDWAALS =     2208.2570  EEL     =   -15362.2269  HBOND      =        0.0000
 1-4 VDW =        3.6631  1-4 EEL =      -26.9036  RESTRAINT  =        7.8141
 EAMBER  =   -12226.6642


   NSTEP       ENERGY          RMS            GMAX         NAME    NUMBER
   1250      -1.2256E+04     6.8921E-01     1.7727E+01     CA          9

 BOND    =      907.7631  ANGLE   =        2.1586  DIHED      =       49.0417
 VDWAALS =     2238.4726  EEL     =   -15438.6417  HBOND      =        0.0000
 1-4 VDW =        3.7034  1-4 EEL =      -26.6010  RESTRAINT  =        7.9258
 EAMBER  =   -12264.1034


   NSTEP       ENERGY          RMS            GMAX         NAME    NUMBER
   1300      -1.2286E+04     6.0572E-01     1.2862E+01     C          18

 BOND    =      911.7688  ANGLE   =        1.8458  DIHED      =       49.0046
 VDWAALS =     2264.1093  EEL     =   -15496.5465  HBOND      =        0.0000
 1-4 VDW =        3.6746  1-4 EEL =      -26.9669  RESTRAINT  =        7.3576
 EAMBER  =   -12293.1103


   NSTEP       ENERGY          RMS            GMAX         NAME    NUMBER
   1350      -1.2311E+04     5.7698E-01     1.4880E+01     CB         11

 BOND    =      918.2067  ANGLE   =        1.8545  DIHED      =       49.0189
 VDWAALS =     2286.6139  EEL     =   -15550.4189  HBOND      =        0.0000
 1-4 VDW =        3.6939  1-4 EEL =      -27.1197  RESTRAINT  =        7.2297
 EAMBER  =   -12318.1507


   NSTEP       ENERGY          RMS            GMAX         NAME    NUMBER
   1400      -1.2333E+04     4.9917E-01     1.5383E+01     C          18

 BOND    =      923.2884  ANGLE   =        2.0898  DIHED      =       48.8032
 VDWAALS =     2309.1407  EEL     =   -15600.0912  HBOND      =        0.0000
 1-4 VDW =        3.7290  1-4 EEL =      -27.1154  RESTRAINT  =        6.9635
 EAMBER  =   -12340.1554


   NSTEP       ENERGY          RMS            GMAX         NAME    NUMBER
   1450      -1.2352E+04     4.8446E-01     1.2669E+01     C          18

 BOND    =      927.1594  ANGLE   =        2.0025  DIHED      =       48.7661
 VDWAALS =     2326.9092  EEL     =   -15640.1488  HBOND      =        0.0000
 1-4 VDW =        3.7514  1-4 EEL =      -27.0766  RESTRAINT  =        6.8842
 EAMBER  =   -12358.6367


   NSTEP       ENERGY          RMS            GMAX         NAME    NUMBER
   1500      -1.2369E+04     4.3380E-01     1.3731E+01     N          21

 BOND    =      930.9516  ANGLE   =        1.8447  DIHED      =       48.7939
 VDWAALS =     2341.2612  EEL     =   -15675.2991  HBOND      =        0.0000
 1-4 VDW =        3.7245  1-4 EEL =      -27.1502  RESTRAINT  =        6.8071
 EAMBER  =   -12375.8733


   NSTEP       ENERGY          RMS            GMAX         NAME    NUMBER
   1550      -1.2384E+04     4.3789E-01     1.2804E+01     N          21

 BOND    =      934.3501  ANGLE   =        1.8852  DIHED      =       48.7949
 VDWAALS =     2354.0997  EEL     =   -15706.9534  HBOND      =        0.0000
 1-4 VDW =        3.7372  1-4 EEL =      -27.1228  RESTRAINT  =        6.8303
 EAMBER  =   -12391.2091


   NSTEP       ENERGY          RMS            GMAX         NAME    NUMBER
   1600      -1.2400E+04     3.9794E-01     1.0720E+01     N          21

 BOND    =      936.8089  ANGLE   =        1.8224  DIHED      =       48.8214
 VDWAALS =     2364.3776  EEL     =   -15735.0216  HBOND      =        0.0000
 1-4 VDW =        3.7485  1-4 EEL =      -27.0572  RESTRAINT  =        6.8423
 EAMBER  =   -12406.5000


   NSTEP       ENERGY          RMS            GMAX         NAME    NUMBER
   1650      -1.2414E+04     3.8253E-01     9.8337E+00     O          19

 BOND    =      939.3102  ANGLE   =        1.7533  DIHED      =       48.7826
 VDWAALS =     2376.0038  EEL     =   -15763.2391  HBOND      =        0.0000
 1-4 VDW =        3.7421  1-4 EEL =      -27.2573  RESTRAINT  =        6.7132
 EAMBER  =   -12420.9045


   NSTEP       ENERGY          RMS            GMAX         NAME    NUMBER
   1700      -1.2427E+04     4.0967E-01     1.1106E+01     O          19

 BOND    =      941.9351  ANGLE   =        1.7236  DIHED      =       48.8012
 VDWAALS =     2387.6738  EEL     =   -15790.4494  HBOND      =        0.0000
 1-4 VDW =        3.7710  1-4 EEL =      -27.1757  RESTRAINT  =        6.7273
 EAMBER  =   -12433.7204


   NSTEP       ENERGY          RMS            GMAX         NAME    NUMBER
   1750      -1.2439E+04     3.2053E-01     7.8534E+00     O          19

 BOND    =      944.0582  ANGLE   =        1.8803  DIHED      =       48.7779
 VDWAALS =     2396.0481  EEL     =   -15813.3684  HBOND      =        0.0000
 1-4 VDW =        3.7259  1-4 EEL =      -27.2629  RESTRAINT  =        6.7415
 EAMBER  =   -12446.1409


   NSTEP       ENERGY          RMS            GMAX         NAME    NUMBER
   1800      -1.2452E+04     3.8457E-01     9.4015E+00     C          18

 BOND    =      946.3618  ANGLE   =        1.9491  DIHED      =       48.7667
 VDWAALS =     2403.7490  EEL     =   -15835.8092  HBOND      =        0.0000
 1-4 VDW =        3.7338  1-4 EEL =      -27.2829  RESTRAINT  =        6.7008
 EAMBER  =   -12458.5319


   NSTEP       ENERGY          RMS            GMAX         NAME    NUMBER
   1850      -1.2464E+04     3.5986E-01     9.1170E+00     C          18

 BOND    =      948.4268  ANGLE   =        1.9266  DIHED      =       48.7602
 VDWAALS =     2411.7683  EEL     =   -15857.4892  HBOND      =        0.0000
 1-4 VDW =        3.7125  1-4 EEL =      -27.3573  RESTRAINT  =        6.6862
 EAMBER  =   -12470.2521


   NSTEP       ENERGY          RMS            GMAX         NAME    NUMBER
   1900      -1.2474E+04     3.4573E-01     9.4011E+00     C          18

 BOND    =      950.4195  ANGLE   =        1.9233  DIHED      =       48.7555
 VDWAALS =     2420.2990  EEL     =   -15878.7947  HBOND      =        0.0000
 1-4 VDW =        3.7309  1-4 EEL =      -27.3503  RESTRAINT  =        6.6403
 EAMBER  =   -12481.0168


   NSTEP       ENERGY          RMS            GMAX         NAME    NUMBER
   1950      -1.2485E+04     3.0974E-01     1.0907E+01     C          18

 BOND    =      951.9880  ANGLE   =        2.0055  DIHED      =       48.7457
 VDWAALS =     2427.9969  EEL     =   -15898.3390  HBOND      =        0.0000
 1-4 VDW =        3.7012  1-4 EEL =      -27.4319  RESTRAINT  =        6.6727
 EAMBER  =   -12491.3336


   NSTEP       ENERGY          RMS            GMAX         NAME    NUMBER
   2000      -1.2495E+04     3.2717E-01     1.0864E+01     C          18

 BOND    =      953.8083  ANGLE   =        2.0501  DIHED      =       48.7341
 VDWAALS =     2435.4285  EEL     =   -15917.8727  HBOND      =        0.0000
 1-4 VDW =        3.7022  1-4 EEL =      -27.4626  RESTRAINT  =        6.6650
 EAMBER  =   -12501.6121


   NSTEP       ENERGY          RMS            GMAX         NAME    NUMBER
   2050      -1.2505E+04     3.1210E-01     9.9134E+00     C          18

 BOND    =      955.8416  ANGLE   =        2.0628  DIHED      =       48.7319
 VDWAALS =     2443.4408  EEL     =   -15938.2100  HBOND      =        0.0000
 1-4 VDW =        3.7004  1-4 EEL =      -27.5203  RESTRAINT  =        6.6614
 EAMBER  =   -12511.9529


   NSTEP       ENERGY          RMS            GMAX         NAME    NUMBER
   2100      -1.2515E+04     2.8981E-01     9.3348E+00     C          18

 BOND    =      957.9173  ANGLE   =        2.0785  DIHED      =       48.7307
 VDWAALS =     2451.9397  EEL     =   -15958.8429  HBOND      =        0.0000
 1-4 VDW =        3.6957  1-4 EEL =      -27.5795  RESTRAINT  =        6.6531
 EAMBER  =   -12522.0606


   NSTEP       ENERGY          RMS            GMAX         NAME    NUMBER
   2150      -1.2525E+04     2.8961E-01     8.8726E+00     C          18

 BOND    =      959.9711  ANGLE   =        2.1175  DIHED      =       48.7319
 VDWAALS =     2460.1149  EEL     =   -15978.3566  HBOND      =        0.0000
 1-4 VDW =        3.6958  1-4 EEL =      -27.6290  RESTRAINT  =        6.6557
 EAMBER  =   -12531.3546


   NSTEP       ENERGY          RMS            GMAX         NAME    NUMBER
   2200      -1.2534E+04     3.0185E-01     9.2227E+00     C          18

 BOND    =      961.8201  ANGLE   =        2.1549  DIHED      =       48.7337
 VDWAALS =     2467.2468  EEL     =   -15996.6809  HBOND      =        0.0000
 1-4 VDW =        3.6906  1-4 EEL =      -27.6294  RESTRAINT  =        6.6566
 EAMBER  =   -12540.6641


   NSTEP       ENERGY          RMS            GMAX         NAME    NUMBER
   2250      -1.2543E+04     2.6749E-01     7.5689E+00     C          18

 BOND    =      963.4048  ANGLE   =        2.1738  DIHED      =       48.7265
 VDWAALS =     2474.2318  EEL     =   -16013.6833  HBOND      =        0.0000
 1-4 VDW =        3.6860  1-4 EEL =      -27.7219  RESTRAINT  =        6.6458
 EAMBER  =   -12549.1821


   NSTEP       ENERGY          RMS            GMAX         NAME    NUMBER
   2300      -1.2550E+04     2.6546E-01     6.0484E+00     C          18

 BOND    =      964.9418  ANGLE   =        2.1845  DIHED      =       48.7250
 VDWAALS =     2481.4353  EEL     =   -16029.9040  HBOND      =        0.0000
 1-4 VDW =        3.6818  1-4 EEL =      -27.7844  RESTRAINT  =        6.6375
 EAMBER  =   -12556.7200


   NSTEP       ENERGY          RMS            GMAX         NAME    NUMBER
   2350      -1.2557E+04     2.2032E-01     7.1971E+00     C          18

 BOND    =      966.2138  ANGLE   =        2.1526  DIHED      =       48.7292
 VDWAALS =     2488.2040  EEL     =   -16044.6583  HBOND      =        0.0000
 1-4 VDW =        3.6783  1-4 EEL =      -27.8292  RESTRAINT  =        6.6421
 EAMBER  =   -12563.5097


   NSTEP       ENERGY          RMS            GMAX         NAME    NUMBER
   2400      -1.2563E+04     2.2045E-01     4.2320E+00     C           5

 BOND    =      967.5827  ANGLE   =        2.1426  DIHED      =       48.7360
 VDWAALS =     2494.5413  EEL     =   -16058.3060  HBOND      =        0.0000
 1-4 VDW =        3.6782  1-4 EEL =      -27.8608  RESTRAINT  =        6.6345
 EAMBER  =   -12569.4860


   NSTEP       ENERGY          RMS            GMAX         NAME    NUMBER
   2450      -1.2569E+04     2.8320E-01     7.2295E+00     CG         14

 BOND    =      968.9688  ANGLE   =        2.1614  DIHED      =       48.7369
 VDWAALS =     2500.0712  EEL     =   -16071.5308  HBOND      =        0.0000
 1-4 VDW =        3.6783  1-4 EEL =      -27.8567  RESTRAINT  =        6.6301
 EAMBER  =   -12575.7708


   NSTEP       ENERGY          RMS            GMAX         NAME    NUMBER
   2500      -1.2576E+04     2.6575E-01     4.9656E+00     O           6

 BOND    =      969.9633  ANGLE   =        2.1941  DIHED      =       48.7382
 VDWAALS =     2504.5244  EEL     =   -16083.4781  HBOND      =        0.0000
 1-4 VDW =        3.6702  1-4 EEL =      -27.8552  RESTRAINT  =        6.6453
 EAMBER  =   -12582.2432


   NSTEP       ENERGY          RMS            GMAX         NAME    NUMBER
   2550      -1.2582E+04     2.4637E-01     4.4662E+00     O           6

 BOND    =      971.0204  ANGLE   =        2.2210  DIHED      =       48.7341
 VDWAALS =     2508.8812  EEL     =   -16095.1041  HBOND      =        0.0000
 1-4 VDW =        3.6664  1-4 EEL =      -27.9185  RESTRAINT  =        6.6372
 EAMBER  =   -12588.4995


   NSTEP       ENERGY          RMS            GMAX         NAME    NUMBER
   2600      -1.2588E+04     2.4572E-01     4.3396E+00     O           6

 BOND    =      972.0696  ANGLE   =        2.2059  DIHED      =       48.7396
 VDWAALS =     2514.0925  EEL     =   -16107.2463  HBOND      =        0.0000
 1-4 VDW =        3.6676  1-4 EEL =      -27.9259  RESTRAINT  =        6.6359
 EAMBER  =   -12594.3970


   NSTEP       ENERGY          RMS            GMAX         NAME    NUMBER
   2650      -1.2594E+04     2.0372E-01     3.2891E+00     O           6

 BOND    =      972.9940  ANGLE   =        2.2153  DIHED      =       48.7431
 VDWAALS =     2519.9379  EEL     =   -16119.8156  HBOND      =        0.0000
 1-4 VDW =        3.6692  1-4 EEL =      -27.9800  RESTRAINT  =        6.6328
 EAMBER  =   -12600.2360


   NSTEP       ENERGY          RMS            GMAX         NAME    NUMBER
   2700      -1.2600E+04     2.4029E-01     6.4905E+00     C           5

 BOND    =      974.2386  ANGLE   =        2.1985  DIHED      =       48.7430
 VDWAALS =     2526.3051  EEL     =   -16133.4388  HBOND      =        0.0000
 1-4 VDW =        3.6720  1-4 EEL =      -27.9835  RESTRAINT  =        6.6326
 EAMBER  =   -12606.2651


   NSTEP       ENERGY          RMS            GMAX         NAME    NUMBER
   2750      -1.2606E+04     2.5131E-01     4.1071E+00     CG         14

 BOND    =      975.5961  ANGLE   =        2.2666  DIHED      =       48.7345
 VDWAALS =     2532.2575  EEL     =   -16146.6494  HBOND      =        0.0000
 1-4 VDW =        3.6623  1-4 EEL =      -28.0713  RESTRAINT  =        6.6051
 EAMBER  =   -12612.2038


   NSTEP       ENERGY          RMS            GMAX         NAME    NUMBER
   2800      -1.2614E+04     2.6494E-01     1.0348E+01     CG         14

 BOND    =      977.0692  ANGLE   =        2.3801  DIHED      =       48.7364
 VDWAALS =     2540.2819  EEL     =   -16164.8833  HBOND      =        0.0000
 1-4 VDW =        3.6423  1-4 EEL =      -28.1078  RESTRAINT  =        6.6430
 EAMBER  =   -12620.8812


   NSTEP       ENERGY          RMS            GMAX         NAME    NUMBER
   2850      -1.2620E+04     1.7632E-01     3.9583E+00     CG         14

 BOND    =      977.9589  ANGLE   =        2.2981  DIHED      =       48.7414
 VDWAALS =     2544.8862  EEL     =   -16175.7728  HBOND      =        0.0000
 1-4 VDW =        3.6538  1-4 EEL =      -28.1082  RESTRAINT  =        6.6316
 EAMBER  =   -12626.3427


   NSTEP       ENERGY          RMS            GMAX         NAME    NUMBER
   2900      -1.2624E+04     1.2016E-01     2.1310E+00     OD2        16

 BOND    =      978.7292  ANGLE   =        2.2981  DIHED      =       48.7416
 VDWAALS =     2549.4084  EEL     =   -16185.6188  HBOND      =        0.0000
 1-4 VDW =        3.6577  1-4 EEL =      -28.1556  RESTRAINT  =        6.6260
 EAMBER  =   -12630.9394


   NSTEP       ENERGY          RMS            GMAX         NAME    NUMBER
   2950      -1.2629E+04     1.2379E-01     2.4351E+00     C          18

 BOND    =      980.0851  ANGLE   =        2.3746  DIHED      =       48.7371
 VDWAALS =     2554.6466  EEL     =   -16197.1491  HBOND      =        0.0000
 1-4 VDW =        3.6551  1-4 EEL =      -28.2475  RESTRAINT  =        6.6271
 EAMBER  =   -12635.8980


   NSTEP       ENERGY          RMS            GMAX         NAME    NUMBER
   3000      -1.2640E+04     1.2810E-01     4.1778E+00     O           6

 BOND    =      981.7088  ANGLE   =        2.5679  DIHED      =       48.7133
 VDWAALS =     2567.1352  EEL     =   -16222.3327  HBOND      =        0.0000
 1-4 VDW =        3.6378  1-4 EEL =      -28.3053  RESTRAINT  =        6.7150
 EAMBER  =   -12646.8751


   NSTEP       ENERGY          RMS            GMAX         NAME    NUMBER
   3050      -1.2645E+04     1.2586E-01     4.4410E+00     O           6

 BOND    =      982.9087  ANGLE   =        2.6225  DIHED      =       48.7071
 VDWAALS =     2571.3426  EEL     =   -16232.8024  HBOND      =        0.0000
 1-4 VDW =        3.6266  1-4 EEL =      -28.3543  RESTRAINT  =        6.7445
 EAMBER  =   -12651.9493


   NSTEP       ENERGY          RMS            GMAX         NAME    NUMBER
   3100      -1.2650E+04     1.2633E-01     3.8163E+00     CB         11

 BOND    =      984.1770  ANGLE   =        2.6038  DIHED      =       48.7187
 VDWAALS =     2576.7993  EEL     =   -16244.5364  HBOND      =        0.0000
 1-4 VDW =        3.6242  1-4 EEL =      -28.4639  RESTRAINT  =        6.7253
 EAMBER  =   -12657.0773


   NSTEP       ENERGY          RMS            GMAX         NAME    NUMBER
   3150      -1.2662E+04     1.1968E-01     2.8924E+00     H1       1414

 BOND    =      985.7048  ANGLE   =        2.5657  DIHED      =       48.7249
 VDWAALS =     2588.2742  EEL     =   -16269.5310  HBOND      =        0.0000
 1-4 VDW =        3.6522  1-4 EEL =      -28.4581  RESTRAINT  =        6.7240
 EAMBER  =   -12669.0671


   NSTEP       ENERGY          RMS            GMAX         NAME    NUMBER
   3200      -1.2668E+04     2.9480E-01     9.5286E+00     C           5

 BOND    =      986.7106  ANGLE   =        2.7143  DIHED      =       48.7458
 VDWAALS =     2592.1527  EEL     =   -16279.8550  HBOND      =        0.0000
 1-4 VDW =        3.6426  1-4 EEL =      -28.5755  RESTRAINT  =        6.8132
 EAMBER  =   -12674.4646


   NSTEP       ENERGY          RMS            GMAX         NAME    NUMBER
   3250      -1.2672E+04     2.2850E-01     5.3656E+00     N           7

 BOND    =      987.1238  ANGLE   =        2.5067  DIHED      =       48.7614
 VDWAALS =     2593.4325  EEL     =   -16285.3191  HBOND      =        0.0000
 1-4 VDW =        3.6219  1-4 EEL =      -28.3871  RESTRAINT  =        6.7367
 EAMBER  =   -12678.2599


   NSTEP       ENERGY          RMS            GMAX         NAME    NUMBER
   3300      -1.2675E+04     1.5543E-01     2.9073E+00     CH3         2

 BOND    =      987.7533  ANGLE   =        2.5367  DIHED      =       48.7295
 VDWAALS =     2596.0212  EEL     =   -16291.8995  HBOND      =        0.0000
 1-4 VDW =        3.6515  1-4 EEL =      -28.4199  RESTRAINT  =        6.7532
 EAMBER  =   -12681.6272


   NSTEP       ENERGY          RMS            GMAX         NAME    NUMBER
   3350      -1.2677E+04     1.3496E-01     4.1717E+00     CH3         2

 BOND    =      988.1780  ANGLE   =        2.4864  DIHED      =       48.7359
 VDWAALS =     2598.2127  EEL     =   -16296.9234  HBOND      =        0.0000
 1-4 VDW =        3.6498  1-4 EEL =      -28.3458  RESTRAINT  =        6.7235
 EAMBER  =   -12684.0064


   NSTEP       ENERGY          RMS            GMAX         NAME    NUMBER
   3400      -1.2680E+04     1.0261E-01     3.2764E+00     CH3         2

 BOND    =      988.6088  ANGLE   =        2.4944  DIHED      =       48.7303
 VDWAALS =     2600.1728  EEL     =   -16301.7351  HBOND      =        0.0000
 1-4 VDW =        3.6556  1-4 EEL =      -28.3656  RESTRAINT  =        6.7036
 EAMBER  =   -12686.4389


   NSTEP       ENERGY          RMS            GMAX         NAME    NUMBER
   3450      -1.2682E+04     1.3270E-01     4.6901E+00     CH3         2

 BOND    =      988.8794  ANGLE   =        2.4877  DIHED      =       48.7293
 VDWAALS =     2601.6108  EEL     =   -16305.6673  HBOND      =        0.0000
 1-4 VDW =        3.6530  1-4 EEL =      -28.3481  RESTRAINT  =        6.7064
 EAMBER  =   -12688.6552


   NSTEP       ENERGY          RMS            GMAX         NAME    NUMBER
   3500      -1.2684E+04     2.0805E-01     5.1185E+00     N           7

 BOND    =      989.5472  ANGLE   =        2.5353  DIHED      =       48.7190
 VDWAALS =     2603.0141  EEL     =   -16310.2521  HBOND      =        0.0000
 1-4 VDW =        3.6606  1-4 EEL =      -28.4891  RESTRAINT  =        6.7801
 EAMBER  =   -12691.2649


   NSTEP       ENERGY          RMS            GMAX         NAME    NUMBER
   3550      -1.2687E+04     1.8897E-01     5.8821E+00     CG         14

 BOND    =      989.5168  ANGLE   =        2.6299  DIHED      =       48.7182
 VDWAALS =     2604.9428  EEL     =   -16315.0152  HBOND      =        0.0000
 1-4 VDW =        3.6532  1-4 EEL =      -28.4896  RESTRAINT  =        6.8418
 EAMBER  =   -12694.0440


   NSTEP       ENERGY          RMS            GMAX         NAME    NUMBER
   3600      -1.2690E+04     1.3830E-01     4.6979E+00     CH3         2

 BOND    =      990.1348  ANGLE   =        2.5923  DIHED      =       48.7174
 VDWAALS =     2607.3821  EEL     =   -16320.9258  HBOND      =        0.0000
 1-4 VDW =        3.6545  1-4 EEL =      -28.5027  RESTRAINT  =        6.8101
 EAMBER  =   -12696.9475


   NSTEP       ENERGY          RMS            GMAX         NAME    NUMBER
   3650      -1.2692E+04     1.3694E-01     4.0665E+00     CG         14

 BOND    =      990.3009  ANGLE   =        2.6378  DIHED      =       48.7125
 VDWAALS =     2609.2354  EEL     =   -16325.2625  HBOND      =        0.0000
 1-4 VDW =        3.6456  1-4 EEL =      -28.4520  RESTRAINT  =        6.8017
 EAMBER  =   -12699.1822


   NSTEP       ENERGY          RMS            GMAX         NAME    NUMBER
   3700      -1.2694E+04     2.3066E-01     6.6543E+00     CH3         2

 BOND    =      990.3352  ANGLE   =        2.6503  DIHED      =       48.7086
 VDWAALS =     2610.6947  EEL     =   -16328.5113  HBOND      =        0.0000
 1-4 VDW =        3.6428  1-4 EEL =      -28.4068  RESTRAINT  =        6.7757
 EAMBER  =   -12700.8864


   NSTEP       ENERGY          RMS            GMAX         NAME    NUMBER
   3750      -1.2696E+04     2.6481E-01     1.1041E+01     CG         14

 BOND    =      990.1981  ANGLE   =        2.5756  DIHED      =       48.7068
 VDWAALS =     2611.3952  EEL     =   -16330.5360  HBOND      =        0.0000
 1-4 VDW =        3.6568  1-4 EEL =      -28.3987  RESTRAINT  =        6.7659
 EAMBER  =   -12702.4022


   NSTEP       ENERGY          RMS            GMAX         NAME    NUMBER
   3800      -1.2697E+04     9.0037E-02     2.6386E+00     N          21

 BOND    =      990.9740  ANGLE   =        2.5356  DIHED      =       48.7128
 VDWAALS =     2611.8495  EEL     =   -16333.4639  HBOND      =        0.0000
 1-4 VDW =        3.6560  1-4 EEL =      -28.3743  RESTRAINT  =        6.6955
 EAMBER  =   -12704.1104


   NSTEP       ENERGY          RMS            GMAX         NAME    NUMBER
   3850      -1.2699E+04     8.0493E-02     2.1431E+00     H1          1

 BOND    =      991.1046  ANGLE   =        2.5157  DIHED      =       48.7108
 VDWAALS =     2612.1691  EEL     =   -16335.6502  HBOND      =        0.0000
 1-4 VDW =        3.6540  1-4 EEL =      -28.3699  RESTRAINT  =        6.7180
 EAMBER  =   -12705.8660


   NSTEP       ENERGY          RMS            GMAX         NAME    NUMBER
   3900      -1.2701E+04     8.0841E-02     1.6813E+00     H3          4

 BOND    =      991.5319  ANGLE   =        2.5353  DIHED      =       48.7116
 VDWAALS =     2611.8848  EEL     =   -16338.1266  HBOND      =        0.0000
 1-4 VDW =        3.6350  1-4 EEL =      -28.4201  RESTRAINT  =        6.7949
 EAMBER  =   -12708.2480


   NSTEP       ENERGY          RMS            GMAX         NAME    NUMBER
   3950      -1.2703E+04     8.1605E-02     2.1668E+00     CG         14

 BOND    =      991.8755  ANGLE   =        2.4794  DIHED      =       48.7095
 VDWAALS =     2611.0442  EEL     =   -16339.5111  HBOND      =        0.0000
 1-4 VDW =        3.6526  1-4 EEL =      -28.3512  RESTRAINT  =        6.7464
 EAMBER  =   -12710.1012


   NSTEP       ENERGY          RMS            GMAX         NAME    NUMBER
   4000      -1.2706E+04     7.8765E-02     2.3152E+00     C           5

 BOND    =      991.9449  ANGLE   =        2.4680  DIHED      =       48.7162
 VDWAALS =     2610.1425  EEL     =   -16340.8503  HBOND      =        0.0000
 1-4 VDW =        3.6556  1-4 EEL =      -28.3468  RESTRAINT  =        6.7182
 EAMBER  =   -12712.2697


   NSTEP       ENERGY          RMS            GMAX         NAME    NUMBER
   4050      -1.2710E+04     9.9675E-02     2.1223E+00     O           6

 BOND    =      991.1105  ANGLE   =        2.4575  DIHED      =       48.7330
 VDWAALS =     2607.2908  EEL     =   -16341.6722  HBOND      =        0.0000
 1-4 VDW =        3.6733  1-4 EEL =      -28.2381  RESTRAINT  =        6.5338
 EAMBER  =   -12716.6451


   NSTEP       ENERGY          RMS            GMAX         NAME    NUMBER
   4100      -1.2714E+04     9.3748E-02     2.5242E+00     CG         14

 BOND    =      990.4992  ANGLE   =        2.4807  DIHED      =       48.6935
 VDWAALS =     2606.2785  EEL     =   -16343.9654  HBOND      =        0.0000
 1-4 VDW =        3.6443  1-4 EEL =      -28.3427  RESTRAINT  =        6.7994
 EAMBER  =   -12720.7119


   NSTEP       ENERGY          RMS            GMAX         NAME    NUMBER
   4150      -1.2716E+04     9.4631E-02     3.3580E+00     CG         14

 BOND    =      990.9266  ANGLE   =        2.4240  DIHED      =       48.7094
 VDWAALS =     2605.9231  EEL     =   -16346.1934  HBOND      =        0.0000
 1-4 VDW =        3.6432  1-4 EEL =      -28.3197  RESTRAINT  =        6.7510
 EAMBER  =   -12722.8867


   NSTEP       ENERGY          RMS            GMAX         NAME    NUMBER
   4200      -1.2718E+04     6.3950E-02     1.6949E+00     H1          1

 BOND    =      990.9350  ANGLE   =        2.4543  DIHED      =       48.7035
 VDWAALS =     2605.5401  EEL     =   -16347.6210  HBOND      =        0.0000
 1-4 VDW =        3.6441  1-4 EEL =      -28.3434  RESTRAINT  =        6.7724
 EAMBER  =   -12724.6875


   NSTEP       ENERGY          RMS            GMAX         NAME    NUMBER
   4250      -1.2722E+04     1.3261E-01     4.5150E+00     C           5

 BOND    =      991.2553  ANGLE   =        2.3834  DIHED      =       48.6992
 VDWAALS =     2606.6421  EEL     =   -16353.2335  HBOND      =        0.0000
 1-4 VDW =        3.6493  1-4 EEL =      -28.3417  RESTRAINT  =        6.8121
 EAMBER  =   -12728.9459


   NSTEP       ENERGY          RMS            GMAX         NAME    NUMBER
   4300      -1.2723E+04     1.4936E-01     5.2481E+00     C           5

 BOND    =      992.8964  ANGLE   =        2.4375  DIHED      =       48.7306
 VDWAALS =     2608.3339  EEL     =   -16357.3636  HBOND      =        0.0000
 1-4 VDW =        3.6704  1-4 EEL =      -28.2223  RESTRAINT  =        6.6203
 EAMBER  =   -12729.5172


   NSTEP       ENERGY          RMS            GMAX         NAME    NUMBER
   4350      -1.2724E+04     9.2673E-01     2.4614E+01     OD1        15

 BOND    =      991.2346  ANGLE   =        2.6849  DIHED      =       48.7293
 VDWAALS =     2610.2139  EEL     =   -16358.8493  HBOND      =        0.0000
 1-4 VDW =        3.5584  1-4 EEL =      -28.3578  RESTRAINT  =        7.0040
 EAMBER  =   -12730.7860


   NSTEP       ENERGY          RMS            GMAX         NAME    NUMBER
   4400      -1.2728E+04     3.5375E-01     1.2458E+01     CG         14

 BOND    =      992.9439  ANGLE   =        2.4876  DIHED      =       48.7656
 VDWAALS =     2610.5121  EEL     =   -16364.7955  HBOND      =        0.0000
 1-4 VDW =        3.5680  1-4 EEL =      -28.3721  RESTRAINT  =        7.3252
 EAMBER  =   -12734.8903


   NSTEP       ENERGY          RMS            GMAX         NAME    NUMBER
   4450      -1.2730E+04     3.4598E-01     9.8274E+00     H2       3026

 BOND    =      994.3406  ANGLE   =        2.5518  DIHED      =       48.6673
 VDWAALS =     2609.6531  EEL     =   -16368.2876  HBOND      =        0.0000
 1-4 VDW =        3.6088  1-4 EEL =      -28.2368  RESTRAINT  =        7.2562
 EAMBER  =   -12737.7028


   NSTEP       ENERGY          RMS            GMAX         NAME    NUMBER
   4500      -1.2732E+04     2.1685E-01     8.4274E+00     H3          4

 BOND    =      993.3976  ANGLE   =        2.5463  DIHED      =       48.6841
 VDWAALS =     2610.0181  EEL     =   -16369.4091  HBOND      =        0.0000
 1-4 VDW =        3.5953  1-4 EEL =      -28.4484  RESTRAINT  =        7.2196
 EAMBER  =   -12739.6160


   NSTEP       ENERGY          RMS            GMAX         NAME    NUMBER
   4550      -1.2736E+04     8.1153E-01     2.4338E+01     H1       2818

 BOND    =      998.1961  ANGLE   =        2.6399  DIHED      =       48.6462
 VDWAALS =     2609.5463  EEL     =   -16377.7671  HBOND      =        0.0000
 1-4 VDW =        3.7490  1-4 EEL =      -28.2186  RESTRAINT  =        7.3906
 EAMBER  =   -12743.2083


   NSTEP       ENERGY          RMS            GMAX         NAME    NUMBER
   4600      -1.2740E+04     2.5894E-01     7.4494E+00     H1          1

 BOND    =      994.6507  ANGLE   =        2.6968  DIHED      =       48.7979
 VDWAALS =     2612.3730  EEL     =   -16380.4677  HBOND      =        0.0000
 1-4 VDW =        3.7208  1-4 EEL =      -28.1766  RESTRAINT  =        6.1642
 EAMBER  =   -12746.4051


   NSTEP       ENERGY          RMS            GMAX         NAME    NUMBER
   4650      -1.2743E+04     2.9061E-01     8.0900E+00     CH3         2

 BOND    =      992.5178  ANGLE   =        2.7059  DIHED      =       48.7128
 VDWAALS =     2612.9567  EEL     =   -16381.9888  HBOND      =        0.0000
 1-4 VDW =        3.6658  1-4 EEL =      -28.3032  RESTRAINT  =        6.3194
 EAMBER  =   -12749.7330


   NSTEP       ENERGY          RMS            GMAX         NAME    NUMBER
   4700      -1.2747E+04     1.7908E-01     4.8673E+00     H1          1

 BOND    =      994.6678  ANGLE   =        2.4983  DIHED      =       48.7638
 VDWAALS =     2615.2084  EEL     =   -16389.7144  HBOND      =        0.0000
 1-4 VDW =        3.6440  1-4 EEL =      -28.3172  RESTRAINT  =        6.7197
 EAMBER  =   -12753.2493


   NSTEP       ENERGY          RMS            GMAX         NAME    NUMBER
   4750      -1.2747E+04     6.3158E-01     1.7599E+01     C          18

 BOND    =      998.0719  ANGLE   =        3.1996  DIHED      =       48.6658
 VDWAALS =     2614.5698  EEL     =   -16394.0877  HBOND      =        0.0000
 1-4 VDW =        3.7301  1-4 EEL =      -28.0927  RESTRAINT  =        6.6497
 EAMBER  =   -12753.9433


   NSTEP       ENERGY          RMS            GMAX         NAME    NUMBER
   4800      -1.2750E+04     2.2034E-01     5.5816E+00     C           5

 BOND    =      995.6511  ANGLE   =        2.5134  DIHED      =       48.6845
 VDWAALS =     2616.8757  EEL     =   -16395.8434  HBOND      =        0.0000
 1-4 VDW =        3.6733  1-4 EEL =      -28.4000  RESTRAINT  =        6.6738
 EAMBER  =   -12756.8454


   NSTEP       ENERGY          RMS            GMAX         NAME    NUMBER
   4850      -1.2752E+04     2.1879E-01     5.7427E+00     OD1        15

 BOND    =      995.0997  ANGLE   =        2.5593  DIHED      =       48.7453
 VDWAALS =     2617.2347  EEL     =   -16397.8064  HBOND      =        0.0000
 1-4 VDW =        3.6573  1-4 EEL =      -28.3620  RESTRAINT  =        6.7281
 EAMBER  =   -12758.8720


   NSTEP       ENERGY          RMS            GMAX         NAME    NUMBER
   4900      -1.2754E+04     2.4594E-01     6.3539E+00     N           7

 BOND    =      996.5241  ANGLE   =        2.6440  DIHED      =       48.7396
 VDWAALS =     2620.2241  EEL     =   -16403.9616  HBOND      =        0.0000
 1-4 VDW =        3.6765  1-4 EEL =      -28.4682  RESTRAINT  =        6.5857
 EAMBER  =   -12760.6216


   NSTEP       ENERGY          RMS            GMAX         NAME    NUMBER
   4950      -1.2757E+04     2.6910E-01     7.7925E+00     CG         14

 BOND    =      996.3211  ANGLE   =        2.6990  DIHED      =       48.8248
 VDWAALS =     2621.8612  EEL     =   -16408.3301  HBOND      =        0.0000
 1-4 VDW =        3.6520  1-4 EEL =      -28.4489  RESTRAINT  =        6.7604
 EAMBER  =   -12763.4208


   NSTEP       ENERGY          RMS            GMAX         NAME    NUMBER
   5000      -1.2759E+04     5.7455E-01     1.6278E+01     H1       2137

 BOND    =      995.6655  ANGLE   =        2.7701  DIHED      =       48.6906
 VDWAALS =     2625.0012  EEL     =   -16412.6829  HBOND      =        0.0000
 1-4 VDW =        3.6778  1-4 EEL =      -28.5948  RESTRAINT  =        6.5782
 EAMBER  =   -12765.4724


  Maximum number of minimization cycles reached.


                    FINAL RESULTS



   NSTEP       ENERGY          RMS            GMAX         NAME    NUMBER
   5000      -1.2759E+04     5.7455E-01     1.6278E+01     H1       2137

 BOND    =      995.6655  ANGLE   =        2.7701  DIHED      =       48.6906
 VDWAALS =     2625.0012  EEL     =   -16412.6829  HBOND      =        0.0000
 1-4 VDW =        3.6778  1-4 EEL =      -28.5948  RESTRAINT  =        6.5782
 EAMBER  =   -12765.4724
--------------------------------------------------------------------------------
   5.  TIMINGS
--------------------------------------------------------------------------------

|  NonSetup CPU Time in Major Routines, Average for All Tasks:
|
|     Routine           Sec        %
|     ------------------------------
|     DataDistrib       0.90    1.62
|     Nonbond          53.92   97.31
|     Bond              0.23    0.42
|     Angle             0.03    0.05
|     Dihedral          0.10    0.18
|     Shake             0.00    0.00
|     Other             0.24    0.43
|     ------------------------------
|     Total            55.42

|  PME Nonbond Pairlist CPU Time, Average for All Tasks:
|
|     Routine              Sec        %
|     ---------------------------------
|     Set Up Cit           0.03    0.06
|     Build List           1.54    2.79
|     ---------------------------------
|     Total                1.58    2.84

|  PME Direct Force CPU Time, Average for All Tasks:
|
|     Routine              Sec        %
|     ---------------------------------
|     NonBonded Calc      34.23   61.78
|     Exclude Masked       0.42    0.75
|     Other                0.29    0.53
|     ---------------------------------
|     Total               34.94   63.05

|  PME Reciprocal Force CPU Time, Average for All Tasks:
|
|     Routine              Sec        %
|     ---------------------------------
|     1D bspline           0.68    1.23
|     Grid Charges         1.10    1.99
|     Scalar Sum           6.64   11.99
|     Gradient Sum         1.39    2.51
|     FFT                  7.53   13.59
|     ---------------------------------
|     Total               17.35   31.31

|  PME Load Balancing CPU Time, Average for All Tasks:
|
|     Routine                 Sec        %
|     ------------------------------------
|     Atom Reassign           0.00    0.00
|     Image Reassign          0.00    0.00
|     FFT Reassign            0.00    0.00
|     ------------------------------------
|     Total                   0.00    0.00

|  Master Setup CPU time:            0.06 seconds
|  Master NonSetup CPU time:        55.42 seconds
|  Master Total CPU time:           55.48 seconds     0.02 hours

|  Master Setup wall time:           1    seconds
|  Master NonSetup wall time:       55    seconds
|  Master Total wall time:          56    seconds     0.02 hours
